<?xml version="1.0" encoding="UTF-8" standalone="no"?>
<testsuite errors="0" failures="0" name="io.cucumber.core.plugin.JUnitFormatter" skipped="0" tests="15" time="153.004">
<testcase classname="To test Google search functionality" name="Validate Google search is working" time="11.269">
<system-out><![CDATA[Given browser is open.......................................................passed
And user is on google search page...........................................passed
When user enters Selenium in search box.....................................passed
And user hits enter.........................................................passed
Then user is navigated to search https://www.selenium.dev...................passed
]]></system-out>
</testcase>
<testcase classname="To test Google search functionality" name="Validate Google search is working 2" time="11.176">
<system-out><![CDATA[Given browser is open.......................................................passed
And user is on google search page...........................................passed
When user enters Youtube in search box......................................passed
And user hits enter.........................................................passed
Then user is navigated to search https://www.youtube.com....................passed
]]></system-out>
</testcase>
<testcase classname="To test Google search functionality" name="Validate Google search is working 3" time="9.066">
<system-out><![CDATA[Given browser is open.......................................................passed
And user is on google search page...........................................passed
When user enters TestProject Demo in search box.............................passed
And user hits enter.........................................................passed
Then user is navigated to search https://example.testproject.io.............passed
]]></system-out>
</testcase>
<testcase classname="To test the functionality of the Form on the Home Page of TestProject Demo" name="To check entering no data in the form will give every user all 5 error messages" time="9.269">
<system-out><![CDATA[Given the browser is open...................................................passed
And user is on the login page...............................................passed
When user enters the Michael and 12345......................................passed
And clicks on the login button..............................................passed
Then user is navigated to the home page.....................................passed
When user performs no actions on the form page..............................passed
And user clicks on the Save button..........................................passed
Then user will get an error message for all fields..........................passed
]]></system-out>
</testcase>
<testcase classname="To test the functionality of the Form on the Home Page of TestProject Demo" name="To check entering no data in the form will give every user all 5 error messages 2" time="10.185">
<system-out><![CDATA[Given the browser is open...................................................passed
And user is on the login page...............................................passed
When user enters the Tester1 and 12345......................................passed
And clicks on the login button..............................................passed
Then user is navigated to the home page.....................................passed
When user performs no actions on the form page..............................passed
And user clicks on the Save button..........................................passed
Then user will get an error message for all fields..........................passed
]]></system-out>
</testcase>
<testcase classname="To test the functionality of the Form on the Home Page of TestProject Demo" name="To check the functionality of the country field for each user" time="12.29">
<system-out><![CDATA[Given the browser is open...................................................passed
And user is on the login page...............................................passed
When user enters the Michael and 12345......................................passed
And clicks on the login button..............................................passed
Then user is navigated to the home page.....................................passed
When user selects Afghanistan on the form page..............................passed
And user clicks on the Save button..........................................passed
Then error message for country field should not be present..................passed
]]></system-out>
</testcase>
<testcase classname="To test the functionality of the Form on the Home Page of TestProject Demo" name="To check the functionality of the country field for each user 2" time="12.37">
<system-out><![CDATA[Given the browser is open...................................................passed
And user is on the login page...............................................passed
When user enters the Tester1 and 12345......................................passed
And clicks on the login button..............................................passed
Then user is navigated to the home page.....................................passed
When user selects Albania on the form page..................................passed
And user clicks on the Save button..........................................passed
Then error message for country field should not be present..................passed
]]></system-out>
</testcase>
<testcase classname="To test the functionality of the Form on the Home Page of TestProject Demo" name="To check if correctly completing the form, will give the 'Saved' message" time="16.191">
<system-out><![CDATA[Given the browser is open...................................................passed
And user is on the login page...............................................passed
When user enters the Michael and 12345......................................passed
And clicks on the login button..............................................passed
Then user is navigated to the home page.....................................passed
When user selects United Kingdom on the form page...........................passed
And enters House 1, Bristol into the address field..........................passed
And enters a michael@email.com address......................................passed
And enters 0800123456 into the phone field..................................passed
And user clicks on the Save button..........................................passed
Then Saved will appear in green text below the form.........................passed
]]></system-out>
</testcase>
<testcase classname="To test the functionality of the Form on the Home Page of TestProject Demo" name="To check if correctly completing the form, will give the 'Saved' message 2" time="15.921">
<system-out><![CDATA[Given the browser is open...................................................passed
And user is on the login page...............................................passed
When user enters the Tester1 and 12345......................................passed
And clicks on the login button..............................................passed
Then user is navigated to the home page.....................................passed
When user selects Australia on the form page................................passed
And enters Flat 20, Bristol into the address field..........................passed
And enters a tester1@email.com address......................................passed
And enters 0123456789 into the phone field..................................passed
And user clicks on the Save button..........................................passed
Then Saved will appear in green text below the form.........................passed
]]></system-out>
</testcase>
<testcase classname="Test login functionality" name="Check login is successful with valid credentials" time="9.768">
<system-out><![CDATA[Given the browser is open...................................................passed
And user is on the login page...............................................passed
When user enters the Michael and 12345......................................passed
And clicks on the login button..............................................passed
Then user is navigated to the home page.....................................passed
]]></system-out>
</testcase>
<testcase classname="Test login functionality" name="Check login is successful with valid credentials 2" time="8.578">
<system-out><![CDATA[Given the browser is open...................................................passed
And user is on the login page...............................................passed
When user enters the Tester1 and 12345......................................passed
And clicks on the login button..............................................passed
Then user is navigated to the home page.....................................passed
]]></system-out>
</testcase>
<testcase classname="Test login functionality" name="Check login is not successful with invalid credentials" time="8.613">
<system-out><![CDATA[Given the browser is open...................................................passed
And user is on the login page...............................................passed
When user enters the Michael and 123........................................passed
And clicks on the login button..............................................passed
Then user is given an invalid password message..............................passed
]]></system-out>
</testcase>
<testcase classname="Test login functionality" name="Check login is not successful with invalid credentials 2" time="9.688">
<system-out><![CDATA[Given the browser is open...................................................passed
And user is on the login page...............................................passed
When user enters the Tester1 and 123........................................passed
And clicks on the login button..............................................passed
Then user is given an invalid password message..............................passed
]]></system-out>
</testcase>
<testcase classname="Feature to test login functionality" name="Check login is successful with valid credentials" time="4.039">
<system-out><![CDATA[Given user is on login page.................................................passed
When user enters username and password......................................passed
And clicks on login button..................................................passed
Then user is navigated to the Home Page.....................................passed
]]></system-out>
</testcase>
<testcase classname="Feature to test login functionality" name="Check login is unsuccessful with invalid credentials" time="4.226">
<system-out><![CDATA[Given user is on login page.................................................passed
When user enters incorrect username and password............................passed
And clicks on login button..................................................passed
Then user is given an error message.........................................passed
]]></system-out>
</testcase>
</testsuite>
